IP Upgrade report for holo1
Sun Feb 28 16:22:03 2021
Quartus Prime Version 18.1.1 Build 646 04/11/2019 SJ Lite Edition


---------------------
; Table of Contents ;
---------------------
  1. Legal Notice
  2. IP Upgrade Summary
  3. IP Upgrade Messages



----------------
; Legal Notice ;
----------------
Copyright (C) 2019  Intel Corporation. All rights reserved.
Your use of Intel Corporation's design tools, logic functions 
and other software and tools, and any partner logic 
functions, and any output files from any of the foregoing 
(including device programming or simulation files), and any 
associated documentation or information are expressly subject 
to the terms and conditions of the Intel Program License 
Subscription Agreement, the Intel Quartus Prime License Agreement,
the Intel FPGA IP License Agreement, or other applicable license
agreement, including, without limitation, that your use is for
the sole purpose of programming logic devices manufactured by
Intel and sold by Intel or its authorized distributors.  Please
refer to the applicable agreement for further details, at
https://fpgasoftware.intel.com/eula.



+----------------------------------------------------------------------------+
; IP Upgrade Summary                                                         ;
+------------------------------+---------------------------------------------+
; IP Components Upgrade Status ; Failed - Sun Feb 28 16:22:03 2021           ;
; Quartus Prime Version        ; 18.1.1 Build 646 04/11/2019 SJ Lite Edition ;
; Revision Name                ; holo1                                       ;
; Top-level Entity Name        ; HoloTop                                     ;
; Family                       ; Cyclone 10 LP                               ;
+------------------------------+---------------------------------------------+


+---------------------+
; IP Upgrade Messages ;
+---------------------+
Info (23030): Evaluation of Tcl script d:/intelfpga_lite/18.1/quartus/common/tcl/internal/ip_regen/ip_regen.tcl was successful
Info: Quartus Prime Shell was successful. 0 errors, 0 warnings
    Info: Peak virtual memory: 4844 megabytes
    Info: Processing ended: Sun Feb 28 16:22:03 2021
    Info: Elapsed time: 00:00:10
    Info: Total CPU time (on all processors): 00:00:23


