Assembler report for holo1
Sat Mar 06 16:01:58 2021
Quartus Prime Version 18.1.1 Build 646 04/11/2019 SJ Lite Edition


---------------------
; Table of Contents ;
---------------------
  1. Legal Notice
  2. Assembler Summary
  3. Assembler Settings
  4. Assembler Generated Files
  5. Assembler Device Options: D:/projects/holo/FPGA/Holo5/output_files/holo1.sof
  6. Assembler Device Options: D:/projects/holo/FPGA/Holo5/output_files/holo1.pof
  7. Assembler Messages



----------------
; Legal Notice ;
----------------
Copyright (C) 2019  Intel Corporation. All rights reserved.
Your use of Intel Corporation's design tools, logic functions 
and other software and tools, and any partner logic 
functions, and any output files from any of the foregoing 
(including device programming or simulation files), and any 
associated documentation or information are expressly subject 
to the terms and conditions of the Intel Program License 
Subscription Agreement, the Intel Quartus Prime License Agreement,
the Intel FPGA IP License Agreement, or other applicable license
agreement, including, without limitation, that your use is for
the sole purpose of programming logic devices manufactured by
Intel and sold by Intel or its authorized distributors.  Please
refer to the applicable agreement for further details, at
https://fpgasoftware.intel.com/eula.



+---------------------------------------------------------------+
; Assembler Summary                                             ;
+-----------------------+---------------------------------------+
; Assembler Status      ; Successful - Sat Mar 06 16:01:58 2021 ;
; Revision Name         ; holo1                                 ;
; Top-level Entity Name ; HoloTop                               ;
; Family                ; Cyclone 10 LP                         ;
; Device                ; 10CL010YE144C8G                       ;
+-----------------------+---------------------------------------+


+----------------------------------+
; Assembler Settings               ;
+--------+---------+---------------+
; Option ; Setting ; Default Value ;
+--------+---------+---------------+


+----------------------------------------------------+
; Assembler Generated Files                          ;
+----------------------------------------------------+
; File Name                                          ;
+----------------------------------------------------+
; D:/projects/holo/FPGA/Holo5/output_files/holo1.sof ;
; D:/projects/holo/FPGA/Holo5/output_files/holo1.pof ;
+----------------------------------------------------+


+------------------------------------------------------------------------------+
; Assembler Device Options: D:/projects/holo/FPGA/Holo5/output_files/holo1.sof ;
+----------------+-------------------------------------------------------------+
; Option         ; Setting                                                     ;
+----------------+-------------------------------------------------------------+
; JTAG usercode  ; 0x00383399                                                  ;
; Checksum       ; 0x00383399                                                  ;
+----------------+-------------------------------------------------------------+


+------------------------------------------------------------------------------+
; Assembler Device Options: D:/projects/holo/FPGA/Holo5/output_files/holo1.pof ;
+--------------------+---------------------------------------------------------+
; Option             ; Setting                                                 ;
+--------------------+---------------------------------------------------------+
; JTAG usercode      ; 0x00000000                                              ;
; Checksum           ; 0x1E11FBD4                                              ;
; Compression Ratio  ; 2                                                       ;
+--------------------+---------------------------------------------------------+


+--------------------+
; Assembler Messages ;
+--------------------+
Info: *******************************************************************
Info: Running Quartus Prime Assembler
    Info: Version 18.1.1 Build 646 04/11/2019 SJ Lite Edition
    Info: Processing started: Sat Mar 06 16:01:57 2021
Info: Command: quartus_asm --read_settings_files=off --write_settings_files=off holo1 -c holo1
Warning (18236): Number of processors has not been specified which may cause overloading on shared machines.  Set the global assignment NUM_PARALLEL_PROCESSORS in your QSF to an appropriate value for best performance.
Info (115031): Writing out detailed assembly data for power analysis
Info (115030): Assembler is generating device programming files
Info: Quartus Prime Assembler was successful. 0 errors, 1 warning
    Info: Peak virtual memory: 4694 megabytes
    Info: Processing ended: Sat Mar 06 16:01:58 2021
    Info: Elapsed time: 00:00:01
    Info: Total CPU time (on all processors): 00:00:02


